GameBuild/launcher/build/intermediates/manifest_merge_blame_file/debug/manifest-merger-blame-debug-report.txt
1<?xml version="1.0" encoding="utf-8"?>
2<manifest xmlns:android="http://schemas.android.com/apk/res/android"
3    package="com.DefaultCompany.FastBall"
4    android:installLocation="preferExternal"
5    android:versionCode="1"
6    android:versionName="1.0" >
7
8    <uses-sdk
9        android:minSdkVersion="22"
9-->src\main\AndroidManifest.xml
10        android:targetSdkVersion="30" />
10-->src\main\AndroidManifest.xml
11
12    <supports-screens
12-->src\main\AndroidManifest.xml:3:3-163
13        android:anyDensity="true"
13-->src\main\AndroidManifest.xml:3:135-160
14        android:largeScreens="true"
14-->src\main\AndroidManifest.xml:3:78-105
15        android:normalScreens="true"
15-->src\main\AndroidManifest.xml:3:49-77
16        android:smallScreens="true"
16-->src\main\AndroidManifest.xml:3:21-48
17        android:xlargeScreens="true" />
17-->src\main\AndroidManifest.xml:3:106-134
18
19    <uses-feature android:glEsVersion="0x00030000" />
19-->[:unityLibrary] AndroidManifest.xml:10:5-54
19-->[:unityLibrary] AndroidManifest.xml:10:19-51
20    <uses-feature
20-->[:unityLibrary] AndroidManifest.xml:11:5-13:36
21        android:name="android.hardware.vulkan.version"
21-->[:unityLibrary] AndroidManifest.xml:12:9-55
22        android:required="false" />
22-->[:unityLibrary] AndroidManifest.xml:13:9-33
23    <uses-feature
23-->[:unityLibrary] AndroidManifest.xml:14:5-16:36
24        android:name="android.hardware.touchscreen"
24-->[:unityLibrary] AndroidManifest.xml:15:9-52
25        android:required="false" />
25-->[:unityLibrary] AndroidManifest.xml:16:9-33
26    <uses-feature
26-->[:unityLibrary] AndroidManifest.xml:17:5-19:36
27        android:name="android.hardware.touchscreen.multitouch"
27-->[:unityLibrary] AndroidManifest.xml:18:9-63
28        android:required="false" />
28-->[:unityLibrary] AndroidManifest.xml:19:9-33
29    <uses-feature
29-->[:unityLibrary] AndroidManifest.xml:20:5-22:36
30        android:name="android.hardware.touchscreen.multitouch.distinct"
30-->[:unityLibrary] AndroidManifest.xml:21:9-72
31        android:required="false" />
31-->[:unityLibrary] AndroidManifest.xml:22:9-33
32
33    <application
33-->src\main\AndroidManifest.xml:4:3-83
34        android:debuggable="true"
35        android:extractNativeLibs="true"
35-->[:unityLibrary] AndroidManifest.xml:24:18-50
36        android:icon="@mipmap/app_icon"
36-->src\main\AndroidManifest.xml:4:49-80
37        android:label="@string/app_name" >
37-->src\main\AndroidManifest.xml:4:16-48
38        <activity
38-->[:unityLibrary] AndroidManifest.xml:25:9-45:20
39            android:name="com.unity3d.player.UnityPlayerActivity"
39-->[:unityLibrary] AndroidManifest.xml:26:13-66
40            android:configChanges="mcc|mnc|locale|touchscreen|keyboard|keyboardHidden|navigation|orientation|screenLayout|uiMode|screenSize|smallestScreenSize|fontScale|layoutDirection|density"
40-->[:unityLibrary] AndroidManifest.xml:27:13-194
41            android:hardwareAccelerated="false"
41-->[:unityLibrary] AndroidManifest.xml:28:13-48
42            android:launchMode="singleTask"
42-->[:unityLibrary] AndroidManifest.xml:29:13-44
43            android:resizeableActivity="false"
43-->[:unityLibrary] AndroidManifest.xml:30:13-47
44            android:screenOrientation="portrait"
44-->[:unityLibrary] AndroidManifest.xml:31:13-49
45            android:theme="@style/UnityThemeSelector" >
45-->[:unityLibrary] AndroidManifest.xml:32:13-54
46            <intent-filter>
46-->[:unityLibrary] AndroidManifest.xml:33:13-37:29
47                <action android:name="android.intent.action.MAIN" />
47-->[:unityLibrary] AndroidManifest.xml:34:17-69
47-->[:unityLibrary] AndroidManifest.xml:34:25-66
48
49                <category android:name="android.intent.category.LAUNCHER" />
49-->[:unityLibrary] AndroidManifest.xml:36:17-77
49-->[:unityLibrary] AndroidManifest.xml:36:27-74
50            </intent-filter>
51
52            <meta-data
52-->[:unityLibrary] AndroidManifest.xml:39:13-41:40
53                android:name="unityplayer.UnityActivity"
53-->[:unityLibrary] AndroidManifest.xml:40:17-57
54                android:value="true" />
54-->[:unityLibrary] AndroidManifest.xml:41:17-37
55            <meta-data
55-->[:unityLibrary] AndroidManifest.xml:42:13-44:40
56                android:name="android.notch_support"
56-->[:unityLibrary] AndroidManifest.xml:43:17-53
57                android:value="true" />
57-->[:unityLibrary] AndroidManifest.xml:44:17-37
58        </activity>
59
60        <meta-data
60-->[:unityLibrary] AndroidManifest.xml:47:9-49:33
61            android:name="unity.splash-mode"
61-->[:unityLibrary] AndroidManifest.xml:48:13-45
62            android:value="0" />
62-->[:unityLibrary] AndroidManifest.xml:49:13-30
63        <meta-data
63-->[:unityLibrary] AndroidManifest.xml:50:9-52:36
64            android:name="unity.splash-enable"
64-->[:unityLibrary] AndroidManifest.xml:51:13-47
65            android:value="True" />
65-->[:unityLibrary] AndroidManifest.xml:52:13-33
66        <meta-data
66-->[:unityLibrary] AndroidManifest.xml:53:9-55:36
67            android:name="unity.launch-fullscreen"
67-->[:unityLibrary] AndroidManifest.xml:54:13-51
68            android:value="True" />
68-->[:unityLibrary] AndroidManifest.xml:55:13-33
69        <meta-data
69-->[:unityLibrary] AndroidManifest.xml:56:9-58:37
70            android:name="unity.allow-resizable-window"
70-->[:unityLibrary] AndroidManifest.xml:57:13-56
71            android:value="False" />
71-->[:unityLibrary] AndroidManifest.xml:58:13-34
72        <meta-data
72-->[:unityLibrary] AndroidManifest.xml:59:9-61:50
73            android:name="notch.config"
73-->[:unityLibrary] AndroidManifest.xml:60:13-40
74            android:value="portrait|landscape" />
74-->[:unityLibrary] AndroidManifest.xml:61:13-47
75    </application>
76
77</manifest>